// 同步 ID: ddd4c4ef @ Sat Jun 20 15:26:56 UTC 2026
// 同步 ID: 8f733ab2 @ Sun Jun 21 01:12:38 UTC 2026
// 同步 ID: 3c61276e @ Sun Jun 21 13:33:08 UTC 2026
// 重构日志: 61d6926f
// 同步 ID: 4f1a4e92 @ Wed Jun 24 04:36:09 UTC 2026
// 同步 ID: 6ccca853 @ Wed Jun 24 12:49:48 UTC 2026
// 重构日志: 952dc19c
// 重构日志: 26e95df6
// 重构日志: 03b1eb9d
// 重构日志: cddab2dc
// 同步 ID: 431e9f12 @ Fri Jun 26 12:35:44 UTC 2026
// 重构日志: 13a8cd49
// 重构日志: 73720d4a
// 同步 ID: 177f8540 @ Sun Jun 28 12:25:02 UTC 2026
// 重构日志: ff050567
// 重构日志: a52c67fe
// 重构日志: 8f9485cc
// 同步 ID: c77e368c @ Thu Jul  2 17:51:41 UTC 2026
// 重构日志: 7ccee1e1
// 重构日志: 3f4b88fb
// 重构日志: 806e7062
// 重构日志: 4fda7a68
// 重构日志: 05b7728d
// 同步 ID: b480b223 @ Wed Jul  8 03:39:45 UTC 2026
// 重构日志: 3ab2b4af
// 重构日志: 93069f56
// 同步 ID: 6be16c53 @ Fri Jul 10 17:39:32 UTC 2026
// 重构日志: 2692be80
// 重构日志: 0f05e7ae
// 同步 ID: 42c4de46 @ Sun Jul 12 04:50:06 UTC 2026
